# JRE version: OpenJDK Runtime Environment Temurin-23.0.1+11 (23.0.1+11) (build 23.0.1+11)
# Java VM: OpenJDK 64-Bit Server VM Temurin-23.0.1+11 (23.0.1+11, mixed mode, sharing, tiered, compressed oops, compressed class ptrs, g1 gc, windows-amd64)
GC Precious Log:
 CardTable entry size: 512
 Card Set container configuration: InlinePtr #cards 3 size 8 Array Of Cards #cards 128 size 272 Howl #buckets 8 coarsen threshold 29491 Howl Bitmap #cards 4096 size 528 coarsen threshold 3686 Card regions per heap region 1 cards per card region 32768
 CPUs: 8 total, 8 available
 Memory: 7957M
 Large Page Support: Disabled
 NUMA Support: Disabled
 Compressed Oops: Enabled (Zero based)
 Heap Region Size: 16M
 Heap Min Capacity: 16M
 Heap Initial Capacity: 128M
 Heap Max Capacity: 20G
 Pre-touch: Disabled
 Parallel Workers: 8
 Concurrent Workers: 2
 Concurrent Refinement Workers: 8
 Periodic GC: Disabled
Heap:
 garbage-first heap   total reserved 20971520K, committed 8208384K, used 3917395K [0x0000000300000000, 0x0000000800000000)
  region size 16384K, 3 young (49152K), 3 survivors (49152K)
 Metaspace       used 10444K, committed 10688K, reserved 1114112K
  class space    used 1107K, committed 1216K, reserved 1048576K
GC Heap History (20 events):
Event: 2.385 GC heap after
{Heap after GC invocations=21 (full 0):
 garbage-first heap   total reserved 20971520K, committed 2801664K, used 800835K [0x0000000300000000, 0x0000000800000000)
  region size 16384K, 1 young (16384K), 1 survivors (16384K)
 Metaspace       used 10444K, committed 10688K, reserved 1114112K
  class space    used 1107K, committed 1216K, reserved 1048576K
}
Event: 3.143 GC heap before
{Heap before GC invocations=22 (full 0):
 garbage-first heap   total reserved 20971520K, committed 2736128K, used 1243203K [0x0000000300000000, 0x0000000800000000)
  region size 16384K, 29 young (475136K), 1 survivors (16384K)
 Metaspace       used 10444K, committed 10688K, reserved 1114112K
  class space    used 1107K, committed 1216K, reserved 1048576K
}
Event: 3.443 GC heap after
{Heap after GC invocations=23 (full 0):
 garbage-first heap   total reserved 20971520K, committed 2736128K, used 1258806K [0x0000000300000000, 0x0000000800000000)
  region size 16384K, 4 young (65536K), 4 survivors (65536K)
 Metaspace       used 10444K, committed 10688K, reserved 1114112K
  class space    used 1107K, committed 1216K, reserved 1048576K
}
Event: 3.462 GC heap before
{Heap before GC invocations=23 (full 0):
 garbage-first heap   total reserved 20971520K, committed 2736128K, used 1537334K [0x0000000300000000, 0x0000000800000000)
  region size 16384K, 22 young (360448K), 4 survivors (65536K)
 Metaspace       used 10444K, committed 10688K, reserved 1114112K
  class space    used 1107K, committed 1216K, reserved 1048576K
}
Event: 3.783 GC heap after
{Heap after GC invocations=24 (full 0):
 garbage-first heap   total reserved 20971520K, committed 2736128K, used 1545916K [0x0000000300000000, 0x0000000800000000)
  region size 16384K, 3 young (49152K), 3 survivors (49152K)
 Metaspace       used 10444K, committed 10688K, reserved 1114112K
  class space    used 1107K, committed 1216K, reserved 1048576K
}
Event: 3.805 GC heap before
{Heap before GC invocations=24 (full 0):
 garbage-first heap   total reserved 20971520K, committed 2736128K, used 1857212K [0x0000000300000000, 0x0000000800000000)
  region size 16384K, 23 young (376832K), 3 survivors (49152K)
 Metaspace       used 10444K, committed 10688K, reserved 1114112K
  class space    used 1107K, committed 1216K, reserved 1048576K
}
Event: 4.104 GC heap after
{Heap after GC invocations=25 (full 0):
 garbage-first heap   total reserved 20971520K, committed 2736128K, used 1873596K [0x0000000300000000, 0x0000000800000000)
  region size 16384K, 3 young (49152K), 3 survivors (49152K)
 Metaspace       used 10444K, committed 10688K, reserved 1114112K
  class space    used 1107K, committed 1216K, reserved 1048576K
}
Event: 4.138 GC heap before
{Heap before GC invocations=25 (full 0):
 garbage-first heap   total reserved 20971520K, committed 2736128K, used 2086588K [0x0000000300000000, 0x0000000800000000)
  region size 16384K, 17 young (278528K), 3 survivors (49152K)
 Metaspace       used 10444K, committed 10688K, reserved 1114112K
  class space    used 1107K, committed 1216K, reserved 1048576K
}
Event: 4.450 GC heap after
{Heap after GC invocations=26 (full 0):
 garbage-first heap   total reserved 20971520K, committed 2736128K, used 2102372K [0x0000000300000000, 0x0000000800000000)
  region size 16384K, 3 young (49152K), 3 survivors (49152K)
 Metaspace       used 10444K, committed 10688K, reserved 1114112K
  class space    used 1107K, committed 1216K, reserved 1048576K
}
Event: 4.465 GC heap before
{Heap before GC invocations=26 (full 0):
 garbage-first heap   total reserved 20971520K, committed 2736128K, used 2249828K [0x0000000300000000, 0x0000000800000000)
  region size 16384K, 13 young (212992K), 3 survivors (49152K)
 Metaspace       used 10444K, committed 10688K, reserved 1114112K
  class space    used 1107K, committed 1216K, reserved 1048576K
}
Event: 4.654 GC heap after
{Heap after GC invocations=27 (full 0):
 garbage-first heap   total reserved 20971520K, committed 8208384K, used 2265612K [0x0000000300000000, 0x0000000800000000)
  region size 16384K, 2 young (32768K), 2 survivors (32768K)
 Metaspace       used 10444K, committed 10688K, reserved 1114112K
  class space    used 1107K, committed 1216K, reserved 1048576K
}
Event: 5.224 GC heap before
{Heap before GC invocations=28 (full 0):
 garbage-first heap   total reserved 20971520K, committed 7651328K, used 2593292K [0x0000000300000000, 0x0000000800000000)
  region size 16384K, 23 young (376832K), 2 survivors (32768K)
 Metaspace       used 10444K, committed 10688K, reserved 1114112K
  class space    used 1107K, committed 1216K, reserved 1048576K
}
Event: 5.397 GC heap after
{Heap after GC invocations=29 (full 0):
 garbage-first heap   total reserved 20971520K, committed 7651328K, used 2608896K [0x0000000300000000, 0x0000000800000000)
  region size 16384K, 3 young (49152K), 3 survivors (49152K)
 Metaspace       used 10444K, committed 10688K, reserved 1114112K
  class space    used 1107K, committed 1216K, reserved 1048576K
}
Event: 5.422 GC heap before
{Heap before GC invocations=29 (full 0):
 garbage-first heap   total reserved 20971520K, committed 7651328K, used 2920192K [0x0000000300000000, 0x0000000800000000)
  region size 16384K, 23 young (376832K), 3 survivors (49152K)
 Metaspace       used 10444K, committed 10688K, reserved 1114112K
  class space    used 1107K, committed 1216K, reserved 1048576K
}
Event: 5.695 GC heap after
{Heap after GC invocations=30 (full 0):
 garbage-first heap   total reserved 20971520K, committed 7651328K, used 2936156K [0x0000000300000000, 0x0000000800000000)
  region size 16384K, 3 young (49152K), 3 survivors (49152K)
 Metaspace       used 10444K, committed 10688K, reserved 1114112K
  class space    used 1107K, committed 1216K, reserved 1048576K
}
Event: 5.721 GC heap before
{Heap before GC invocations=30 (full 0):
 garbage-first heap   total reserved 20971520K, committed 7651328K, used 3247452K [0x0000000300000000, 0x0000000800000000)
  region size 16384K, 23 young (376832K), 3 survivors (49152K)
 Metaspace       used 10444K, committed 10688K, reserved 1114112K
  class space    used 1107K, committed 1216K, reserved 1048576K
}
Event: 6.114 GC heap after
{Heap after GC invocations=31 (full 0):
 garbage-first heap   total reserved 20971520K, committed 7651328K, used 3263236K [0x0000000300000000, 0x0000000800000000)
  region size 16384K, 3 young (49152K), 3 survivors (49152K)
 Metaspace       used 10444K, committed 10688K, reserved 1114112K
  class space    used 1107K, committed 1216K, reserved 1048576K
}
Event: 6.140 GC heap before
{Heap before GC invocations=31 (full 0):
 garbage-first heap   total reserved 20971520K, committed 7651328K, used 3574532K [0x0000000300000000, 0x0000000800000000)
  region size 16384K, 23 young (376832K), 3 survivors (49152K)
 Metaspace       used 10444K, committed 10688K, reserved 1114112K
  class space    used 1107K, committed 1216K, reserved 1048576K
}
Event: 6.417 GC heap after
{Heap after GC invocations=32 (full 0):
 garbage-first heap   total reserved 20971520K, committed 7651328K, used 3590316K [0x0000000300000000, 0x0000000800000000)
  region size 16384K, 3 young (49152K), 3 survivors (49152K)
 Metaspace       used 10444K, committed 10688K, reserved 1114112K
  class space    used 1107K, committed 1216K, reserved 1048576K
}
Event: 6.444 GC heap before
{Heap before GC invocations=32 (full 0):
 garbage-first heap   total reserved 20971520K, committed 7651328K, used 3901612K [0x0000000300000000, 0x0000000800000000)
  region size 16384K, 23 young (376832K), 3 survivors (49152K)
 Metaspace       used 10444K, committed 10688K, reserved 1114112K
  class space    used 1107K, committed 1216K, reserved 1048576K
}

